Build started 6/12/2015 3:20:59 PM.
     1>Project "C:\Users\Iceburns\Documents\Visual Studio 2010\Projects\SerialCommunication\SerialCommunication\SerialCommunication.vcxproj" on node 2 (build target(s)).
     1>InitializeBuildStatus:
         Touching "Release\SerialCommunication.unsuccessfulbuild".
       GenerateTargetFrameworkMonikerAttribute:
       Skipping target "GenerateTargetFrameworkMonikerAttribute" because all output files are up-to-date with respect to the input files.
       ClCompile:
         All outputs are up-to-date.
         All outputs are up-to-date.
         All outputs are up-to-date.
       ResourceCompile:
         All outputs are up-to-date.
       Link:
         C:\Program Files (x86)\Microsoft Visual Studio 10.0\VC\bin\link.exe /ERRORREPORT:PROMPT /OUT:"C:\Users\Iceburns\Documents\Visual Studio 2010\Projects\SerialCommunication\Release\SerialCommunication.exe" /INCREMENTAL:NO /NOLOGO /LIBPATH:C:\opencv\build\\x86\vc10\lib opencv_calib3d249d.lib opencv_contrib249d.lib opencv_core249d.lib opencv_features2d249d.lib opencv_flann249d.lib opencv_gpu249d.lib opencv_highgui249d.lib opencv_imgproc249d.lib opencv_legacy249d.lib opencv_ml249d.lib opencv_nonfree249d.lib opencv_objdetect249d.lib opencv_photo249d.lib opencv_stitching249d.lib opencv_superres249d.lib opencv_ts249d.lib opencv_video249d.lib opencv_videostab249d.lib kernel32.lib user32.lib gdi32.lib winspool.lib comdlg32.lib advapi32.lib shell32.lib ole32.lib oleaut32.lib uuid.lib odbc32.lib odbccp32.lib /MANIFEST /ManifestFile:"Release\SerialCommunication.exe.intermediate.manifest" /MANIFESTUAC:"level='asInvoker' uiAccess='false'" /DEBUG /PDB:"C:\Users\Iceburns\Documents\Visual Studio 2010\Projects\SerialCommunication\Release\SerialCommunication.pdb" /TLBID:1 /DYNAMICBASE /FIXED:NO /NXCOMPAT /MACHINE:X86 Release\app.res
         Release\AssemblyInfo.obj
         Release\mazeProcessingClass.obj
         Release\SerialCommunication.obj
         Release\stdafx.obj
         "Release\.NETFramework,Version=v4.0.AssemblyAttributes.obj"
     1>opencv_ts249d.lib(ts_perf.obj) : error LNK2038: mismatch detected for '_ITERATOR_DEBUG_LEVEL': value '2' doesn't match value '0' in AssemblyInfo.obj
     1>opencv_ts249d.lib(ts_gtest.obj) : error LNK2038: mismatch detected for '_ITERATOR_DEBUG_LEVEL': value '2' doesn't match value '0' in AssemblyInfo.obj
     1>LINK : warning LNK4098: defaultlib 'MSVCRT' conflicts with use of other libs; use /NODEFAULTLIB:library
     1>C:\Users\Iceburns\Documents\Visual Studio 2010\Projects\SerialCommunication\Release\SerialCommunication.exe : fatal error LNK1319: 2 mismatches detected
     1>Done Building Project "C:\Users\Iceburns\Documents\Visual Studio 2010\Projects\SerialCommunication\SerialCommunication\SerialCommunication.vcxproj" (build target(s)) -- FAILED.

Build FAILED.

Time Elapsed 00:00:00.76
