Build started 6/29/2015 4:16:42 PM.
     1>Project "C:\Users\Iceburns\Documents\Visual Studio 2010\Projects\SerialCommunication\SerialCommunication\SerialCommunication.vcxproj" on node 2 (build target(s)).
     1>InitializeBuildStatus:
         Creating "Debug\SerialCommunication.unsuccessfulbuild" because "AlwaysCreate" was specified.
       GenerateTargetFrameworkMonikerAttribute:
       Skipping target "GenerateTargetFrameworkMonikerAttribute" because all output files are up-to-date with respect to the input files.
       ClCompile:
         All outputs are up-to-date.
         C:\Program Files (x86)\Microsoft Visual Studio 10.0\VC\bin\CL.exe /c /IC:\opencv\build\\include /AI"C:\Program Files (x86)\Reference Assemblies\Microsoft\Framework\.NETFramework\v4.0" /Zi /clr /nologo /W3 /WX- /Od /Oy- /D WIN32 /D _DEBUG /D _UNICODE /D UNICODE /EHa /MDd /GS /fp:precise /Zc:wchar_t /Zc:forScope /Yu"StdAfx.h" /Fp"Debug\SerialCommunication.pch" /Fo"Debug\\" /Fd"Debug\vc100.pdb" /TP /FU"C:\Program Files (x86)\Reference Assemblies\Microsoft\Framework\.NETFramework\v4.0\System.Core.dll" /FU"C:\Program Files (x86)\Reference Assemblies\Microsoft\Framework\.NETFramework\v4.0\System.Data.dll" /FU"C:\Program Files (x86)\Reference Assemblies\Microsoft\Framework\.NETFramework\v4.0\System.dll" /FU"C:\Program Files (x86)\Reference Assemblies\Microsoft\Framework\.NETFramework\v4.0\System.Xml.dll" /analyze- /errorReport:prompt mazeProcessingClass.cpp /clr:nostdlib 
         mazeProcessingClass.cpp
         All outputs are up-to-date.
       ResourceCompile:
         All outputs are up-to-date.
       Link:
         C:\Program Files (x86)\Microsoft Visual Studio 10.0\VC\bin\link.exe /ERRORREPORT:PROMPT /OUT:"C:\Users\Iceburns\Documents\Visual Studio 2010\Projects\SerialCommunication\Debug\SerialCommunication.exe" /INCREMENTAL:NO /NOLOGO /LIBPATH:C:\opencv\build\\x86\vc10\lib opencv_calib3d249d.lib opencv_contrib249d.lib opencv_core249d.lib opencv_features2d249d.lib opencv_flann249d.lib opencv_gpu249d.lib opencv_highgui249d.lib opencv_imgproc249d.lib opencv_legacy249d.lib opencv_ml249d.lib opencv_nonfree249d.lib opencv_objdetect249d.lib opencv_photo249d.lib opencv_stitching249d.lib opencv_superres249d.lib opencv_ts249d.lib opencv_video249d.lib opencv_videostab249d.lib kernel32.lib user32.lib gdi32.lib winspool.lib comdlg32.lib advapi32.lib shell32.lib ole32.lib oleaut32.lib uuid.lib odbc32.lib odbccp32.lib /MANIFEST /ManifestFile:"Debug\SerialCommunication.exe.intermediate.manifest" /MANIFESTUAC:"level='asInvoker' uiAccess='false'" /DEBUG /PDB:"C:\Users\Iceburns\Documents\Visual Studio 2010\Projects\SerialCommunication\Debug\SerialCommunication.pdb" /ASSEMBLYDEBUG /TLBID:1 /DYNAMICBASE /FIXED:NO /NXCOMPAT /MACHINE:X86 Debug\app.res
         Debug\AssemblyInfo.obj
         Debug\mazeProcessingClass.obj
         Debug\SerialCommunication.obj
         Debug\stdafx.obj
         "Debug\.NETFramework,Version=v4.0.AssemblyAttributes.obj"
     1>opencv_ts249d.lib(ts_gtest.obj) : warning LNK4099: PDB 'opencv_ts249d.pdb' was not found with 'opencv_ts249d.lib(ts_gtest.obj)' or at 'C:\Users\Iceburns\Documents\Visual Studio 2010\Projects\SerialCommunication\Debug\opencv_ts249d.pdb'; linking object as if no debug info
     1>opencv_ts249d.lib(ts_perf.obj) : warning LNK4099: PDB 'opencv_ts249d.pdb' was not found with 'opencv_ts249d.lib(ts_perf.obj)' or at 'C:\Users\Iceburns\Documents\Visual Studio 2010\Projects\SerialCommunication\Debug\opencv_ts249d.pdb'; linking object as if no debug info
         SerialCommunication.vcxproj -> C:\Users\Iceburns\Documents\Visual Studio 2010\Projects\SerialCommunication\Debug\SerialCommunication.exe
       Manifest:
         c:\Program Files (x86)\Microsoft SDKs\Windows\v7.0A\bin\mt.exe /nologo /verbose /outputresource:"C:\Users\Iceburns\Documents\Visual Studio 2010\Projects\SerialCommunication\Debug\SerialCommunication.exe;#1" /manifest Debug\SerialCommunication.exe.intermediate.manifest
       FinalizeBuildStatus:
         Deleting file "Debug\SerialCommunication.unsuccessfulbuild".
         Touching "Debug\SerialCommunication.lastbuildstate".
     1>Done Building Project "C:\Users\Iceburns\Documents\Visual Studio 2010\Projects\SerialCommunication\SerialCommunication\SerialCommunication.vcxproj" (build target(s)).

Build succeeded.

Time Elapsed 00:00:02.91
